2019-12-13 15:09:01 [127.0.0.1][-][iv9788jag9bcjt0dnift0rrqhb][error][yii\web\HttpException:404] yii\base\InvalidRouteException: Unable to resolve the request: site/say&message=Привет мир in /var/www/workshop/vendor/yiisoft/yii2/base/Controller.php:128
Stack trace:
#0 /var/www/workshop/vendor/yiisoft/yii2/base/Module.php(528): yii\base\Controller->runAction('say&message=\xD0\x9F\xD1...', Array)
#1 /var/www/workshop/vendor/yiisoft/yii2/web/Application.php(103): yii\base\Module->runAction('site/say&messag...', Array)
#2 /var/www/workshop/vendor/yiisoft/yii2/base/Application.php(386): yii\web\Application->handleRequest(Object(yii\web\Request))
#3 /var/www/workshop/web/index.php(12): yii\base\Application->run()
#4 {main}

Next yii\web\NotFoundHttpException: Page not found. in /var/www/workshop/vendor/yiisoft/yii2/web/Application.php:115
Stack trace:
#0 /var/www/workshop/vendor/yiisoft/yii2/base/Application.php(386): yii\web\Application->handleRequest(Object(yii\web\Request))
#1 /var/www/workshop/web/index.php(12): yii\base\Application->run()
#2 {main}
2019-12-13 15:09:01 [127.0.0.1][-][iv9788jag9bcjt0dnift0rrqhb][info][application] $_GET = []

$_POST = []

$_FILES = []

$_COOKIE = [
    'PHPSESSID' => 'iv9788jag9bcjt0dnift0rrqhb'
    '_csrf' => '2787c3aee1b9cfcf7b1898b1b596247da7cd41a990756b71d767b3b33a10b10da:2:{i:0;s:5:\"_csrf\";i:1;s:32:\"9M38Jj7vaPjLCGJqqTKHqptXmhVW_lOJ\";}'
]

$_SESSION = [
    '__flash' => []
    '__captcha/site/captcha' => 'xuuegij'
    '__captcha/site/captchacount' => 1
]

$_SERVER = [
    'USER' => 'www-data'
    'HOME' => '/var/www'
    'HTTP_COOKIE' => 'PHPSESSID=iv9788jag9bcjt0dnift0rrqhb; _csrf=2787c3aee1b9cfcf7b1898b1b596247da7cd41a990756b71d767b3b33a10b10da%3A2%3A%7Bi%3A0%3Bs%3A5%3A%22_csrf%22%3Bi%3A1%3Bs%3A32%3A%229M38Jj7vaPjLCGJqqTKHqptXmhVW_lOJ%22%3B%7D'
    'HTTP_ACCEPT_LANGUAGE' => 'ru-RU,ru;q=0.9,en-US;q=0.8,en;q=0.7,la;q=0.6'
    'HTTP_ACCEPT_ENCODING' => 'gzip, deflate'
    'HTTP_ACCEPT' => 'text/html,application/xhtml+xml,application/xml;q=0.9,image/webp,image/apng,*/*;q=0.8'
    'HTTP_DNT' => '1'
    'HTTP_USER_AGENT' => 'Mozilla/5.0 (X11; Linux x86_64) AppleWebKit/537.36 (KHTML, like Gecko) Chrome/70.0.3538.77 Safari/537.36'
    'HTTP_UPGRADE_INSECURE_REQUESTS' => '1'
    'HTTP_CONNECTION' => 'keep-alive'
    'HTTP_HOST' => 'workshop'
    'HTTPS' => 'on'
    'REDIRECT_STATUS' => '200'
    'SERVER_NAME' => 'workshop'
    'SERVER_PORT' => '80'
    'SERVER_ADDR' => '127.0.0.1'
    'REMOTE_PORT' => '60640'
    'REMOTE_ADDR' => '127.0.0.1'
    'SERVER_SOFTWARE' => 'nginx/1.16.1'
    'GATEWAY_INTERFACE' => 'CGI/1.1'
    'REQUEST_SCHEME' => 'http'
    'SERVER_PROTOCOL' => 'HTTP/1.1'
    'DOCUMENT_ROOT' => '/var/www/workshop/web'
    'DOCUMENT_URI' => '/index.php'
    'REQUEST_URI' => '/site/say&message=%D0%9F%D1%80%D0%B8%D0%B2%D0%B5%D1%82+%D0%BC%D0%B8%D1%80'
    'SCRIPT_NAME' => '/index.php'
    'CONTENT_LENGTH' => ''
    'CONTENT_TYPE' => ''
    'REQUEST_METHOD' => 'GET'
    'QUERY_STRING' => ''
    'SCRIPT_FILENAME' => '/var/www/workshop/web/index.php'
    'FCGI_ROLE' => 'RESPONDER'
    'PHP_SELF' => '/index.php'
    'REQUEST_TIME_FLOAT' => 1576249741.9704
    'REQUEST_TIME' => 1576249741
]
2019-12-13 15:09:12 [127.0.0.1][-][iv9788jag9bcjt0dnift0rrqhb][error][yii\web\HttpException:404] yii\base\InvalidRouteException: Unable to resolve the request "site/say/message=Привет мир". in /var/www/workshop/vendor/yiisoft/yii2/base/Module.php:537
Stack trace:
#0 /var/www/workshop/vendor/yiisoft/yii2/web/Application.php(103): yii\base\Module->runAction('site/say/messag...', Array)
#1 /var/www/workshop/vendor/yiisoft/yii2/base/Application.php(386): yii\web\Application->handleRequest(Object(yii\web\Request))
#2 /var/www/workshop/web/index.php(12): yii\base\Application->run()
#3 {main}

Next yii\web\NotFoundHttpException: Page not found. in /var/www/workshop/vendor/yiisoft/yii2/web/Application.php:115
Stack trace:
#0 /var/www/workshop/vendor/yiisoft/yii2/base/Application.php(386): yii\web\Application->handleRequest(Object(yii\web\Request))
#1 /var/www/workshop/web/index.php(12): yii\base\Application->run()
#2 {main}
2019-12-13 15:09:12 [127.0.0.1][-][iv9788jag9bcjt0dnift0rrqhb][info][application] $_GET = []

$_POST = []

$_FILES = []

$_COOKIE = [
    'PHPSESSID' => 'iv9788jag9bcjt0dnift0rrqhb'
    '_csrf' => '2787c3aee1b9cfcf7b1898b1b596247da7cd41a990756b71d767b3b33a10b10da:2:{i:0;s:5:\"_csrf\";i:1;s:32:\"9M38Jj7vaPjLCGJqqTKHqptXmhVW_lOJ\";}'
]

$_SESSION = [
    '__flash' => []
    '__captcha/site/captcha' => 'xuuegij'
    '__captcha/site/captchacount' => 1
]

$_SERVER = [
    'USER' => 'www-data'
    'HOME' => '/var/www'
    'HTTP_COOKIE' => 'PHPSESSID=iv9788jag9bcjt0dnift0rrqhb; _csrf=2787c3aee1b9cfcf7b1898b1b596247da7cd41a990756b71d767b3b33a10b10da%3A2%3A%7Bi%3A0%3Bs%3A5%3A%22_csrf%22%3Bi%3A1%3Bs%3A32%3A%229M38Jj7vaPjLCGJqqTKHqptXmhVW_lOJ%22%3B%7D'
    'HTTP_ACCEPT_LANGUAGE' => 'ru-RU,ru;q=0.9,en-US;q=0.8,en;q=0.7,la;q=0.6'
    'HTTP_ACCEPT_ENCODING' => 'gzip, deflate'
    'HTTP_ACCEPT' => 'text/html,application/xhtml+xml,application/xml;q=0.9,image/webp,image/apng,*/*;q=0.8'
    'HTTP_DNT' => '1'
    'HTTP_USER_AGENT' => 'Mozilla/5.0 (X11; Linux x86_64) AppleWebKit/537.36 (KHTML, like Gecko) Chrome/70.0.3538.77 Safari/537.36'
    'HTTP_UPGRADE_INSECURE_REQUESTS' => '1'
    'HTTP_CONNECTION' => 'keep-alive'
    'HTTP_HOST' => 'workshop'
    'HTTPS' => 'on'
    'REDIRECT_STATUS' => '200'
    'SERVER_NAME' => 'workshop'
    'SERVER_PORT' => '80'
    'SERVER_ADDR' => '127.0.0.1'
    'REMOTE_PORT' => '60640'
    'REMOTE_ADDR' => '127.0.0.1'
    'SERVER_SOFTWARE' => 'nginx/1.16.1'
    'GATEWAY_INTERFACE' => 'CGI/1.1'
    'REQUEST_SCHEME' => 'http'
    'SERVER_PROTOCOL' => 'HTTP/1.1'
    'DOCUMENT_ROOT' => '/var/www/workshop/web'
    'DOCUMENT_URI' => '/index.php'
    'REQUEST_URI' => '/site/say/message=%D0%9F%D1%80%D0%B8%D0%B2%D0%B5%D1%82+%D0%BC%D0%B8%D1%80'
    'SCRIPT_NAME' => '/index.php'
    'CONTENT_LENGTH' => ''
    'CONTENT_TYPE' => ''
    'REQUEST_METHOD' => 'GET'
    'QUERY_STRING' => ''
    'SCRIPT_FILENAME' => '/var/www/workshop/web/index.php'
    'FCGI_ROLE' => 'RESPONDER'
    'PHP_SELF' => '/index.php'
    'REQUEST_TIME_FLOAT' => 1576249752.0059
    'REQUEST_TIME' => 1576249752
]
2019-12-13 15:09:15 [127.0.0.1][-][iv9788jag9bcjt0dnift0rrqhb][error][yii\base\ViewNotFoundException] yii\base\ViewNotFoundException: The view file does not exist: /var/www/workshop/views/site/say.php in /var/www/workshop/vendor/yiisoft/yii2/base/View.php:233
Stack trace:
#0 /var/www/workshop/vendor/yiisoft/yii2/base/View.php(156): yii\base\View->renderFile('/var/www/worksh...', Array, Object(app\controllers\SiteController))
#1 /var/www/workshop/vendor/yiisoft/yii2/base/Controller.php(386): yii\base\View->render('say', Array, Object(app\controllers\SiteController))
#2 /var/www/workshop/controllers/SiteController.php(131): yii\base\Controller->render('say', Array)
#3 [internal function]: app\controllers\SiteController->actionSay('\xD0\x9F\xD1\x80\xD0\xB8\xD0\xB2\xD0\xB5\xD1\x82')
#4 /var/www/workshop/vendor/yiisoft/yii2/base/InlineAction.php(57): call_user_func_array(Array, Array)
#5 /var/www/workshop/vendor/yiisoft/yii2/base/Controller.php(157): yii\base\InlineAction->runWithParams(Array)
#6 /var/www/workshop/vendor/yiisoft/yii2/base/Module.php(528): yii\base\Controller->runAction('say', Array)
#7 /var/www/workshop/vendor/yiisoft/yii2/web/Application.php(103): yii\base\Module->runAction('site/say/', Array)
#8 /var/www/workshop/vendor/yiisoft/yii2/base/Application.php(386): yii\web\Application->handleRequest(Object(yii\web\Request))
#9 /var/www/workshop/web/index.php(12): yii\base\Application->run()
#10 {main}
2019-12-13 15:09:15 [127.0.0.1][-][iv9788jag9bcjt0dnift0rrqhb][info][application] $_GET = []

$_POST = []

$_FILES = []

$_COOKIE = [
    'PHPSESSID' => 'iv9788jag9bcjt0dnift0rrqhb'
    '_csrf' => '2787c3aee1b9cfcf7b1898b1b596247da7cd41a990756b71d767b3b33a10b10da:2:{i:0;s:5:\"_csrf\";i:1;s:32:\"9M38Jj7vaPjLCGJqqTKHqptXmhVW_lOJ\";}'
]

$_SESSION = [
    '__flash' => []
    '__captcha/site/captcha' => 'xuuegij'
    '__captcha/site/captchacount' => 1
]

$_SERVER = [
    'USER' => 'www-data'
    'HOME' => '/var/www'
    'HTTP_COOKIE' => 'PHPSESSID=iv9788jag9bcjt0dnift0rrqhb; _csrf=2787c3aee1b9cfcf7b1898b1b596247da7cd41a990756b71d767b3b33a10b10da%3A2%3A%7Bi%3A0%3Bs%3A5%3A%22_csrf%22%3Bi%3A1%3Bs%3A32%3A%229M38Jj7vaPjLCGJqqTKHqptXmhVW_lOJ%22%3B%7D'
    'HTTP_ACCEPT_LANGUAGE' => 'ru-RU,ru;q=0.9,en-US;q=0.8,en;q=0.7,la;q=0.6'
    'HTTP_ACCEPT_ENCODING' => 'gzip, deflate'
    'HTTP_ACCEPT' => 'text/html,application/xhtml+xml,application/xml;q=0.9,image/webp,image/apng,*/*;q=0.8'
    'HTTP_DNT' => '1'
    'HTTP_USER_AGENT' => 'Mozilla/5.0 (X11; Linux x86_64) AppleWebKit/537.36 (KHTML, like Gecko) Chrome/70.0.3538.77 Safari/537.36'
    'HTTP_UPGRADE_INSECURE_REQUESTS' => '1'
    'HTTP_CONNECTION' => 'keep-alive'
    'HTTP_HOST' => 'workshop'
    'HTTPS' => 'on'
    'REDIRECT_STATUS' => '200'
    'SERVER_NAME' => 'workshop'
    'SERVER_PORT' => '80'
    'SERVER_ADDR' => '127.0.0.1'
    'REMOTE_PORT' => '60640'
    'REMOTE_ADDR' => '127.0.0.1'
    'SERVER_SOFTWARE' => 'nginx/1.16.1'
    'GATEWAY_INTERFACE' => 'CGI/1.1'
    'REQUEST_SCHEME' => 'http'
    'SERVER_PROTOCOL' => 'HTTP/1.1'
    'DOCUMENT_ROOT' => '/var/www/workshop/web'
    'DOCUMENT_URI' => '/index.php'
    'REQUEST_URI' => '/site/say/'
    'SCRIPT_NAME' => '/index.php'
    'CONTENT_LENGTH' => ''
    'CONTENT_TYPE' => ''
    'REQUEST_METHOD' => 'GET'
    'QUERY_STRING' => ''
    'SCRIPT_FILENAME' => '/var/www/workshop/web/index.php'
    'FCGI_ROLE' => 'RESPONDER'
    'PHP_SELF' => '/index.php'
    'REQUEST_TIME_FLOAT' => 1576249755.4944
    'REQUEST_TIME' => 1576249755
]
2019-12-13 15:18:07 [127.0.0.1][-][iv9788jag9bcjt0dnift0rrqhb][error][Error] Error: Class 'app\controllers\EntryForm' not found in /var/www/workshop/controllers/SiteController.php:136
Stack trace:
#0 [internal function]: app\controllers\SiteController->actionEntry()
#1 /var/www/workshop/vendor/yiisoft/yii2/base/InlineAction.php(57): call_user_func_array(Array, Array)
#2 /var/www/workshop/vendor/yiisoft/yii2/base/Controller.php(157): yii\base\InlineAction->runWithParams(Array)
#3 /var/www/workshop/vendor/yiisoft/yii2/base/Module.php(528): yii\base\Controller->runAction('entry', Array)
#4 /var/www/workshop/vendor/yiisoft/yii2/web/Application.php(103): yii\base\Module->runAction('site/entry', Array)
#5 /var/www/workshop/vendor/yiisoft/yii2/base/Application.php(386): yii\web\Application->handleRequest(Object(yii\web\Request))
#6 /var/www/workshop/web/index.php(12): yii\base\Application->run()
#7 {main}
2019-12-13 15:18:07 [127.0.0.1][-][iv9788jag9bcjt0dnift0rrqhb][info][application] $_GET = []

$_POST = []

$_FILES = []

$_COOKIE = [
    'PHPSESSID' => 'iv9788jag9bcjt0dnift0rrqhb'
    '_csrf' => '2787c3aee1b9cfcf7b1898b1b596247da7cd41a990756b71d767b3b33a10b10da:2:{i:0;s:5:\"_csrf\";i:1;s:32:\"9M38Jj7vaPjLCGJqqTKHqptXmhVW_lOJ\";}'
]

$_SESSION = [
    '__flash' => []
    '__captcha/site/captcha' => 'xuuegij'
    '__captcha/site/captchacount' => 1
]

$_SERVER = [
    'USER' => 'www-data'
    'HOME' => '/var/www'
    'HTTP_COOKIE' => 'PHPSESSID=iv9788jag9bcjt0dnift0rrqhb; _csrf=2787c3aee1b9cfcf7b1898b1b596247da7cd41a990756b71d767b3b33a10b10da%3A2%3A%7Bi%3A0%3Bs%3A5%3A%22_csrf%22%3Bi%3A1%3Bs%3A32%3A%229M38Jj7vaPjLCGJqqTKHqptXmhVW_lOJ%22%3B%7D'
    'HTTP_ACCEPT_LANGUAGE' => 'ru-RU,ru;q=0.9,en-US;q=0.8,en;q=0.7,la;q=0.6'
    'HTTP_ACCEPT_ENCODING' => 'gzip, deflate'
    'HTTP_ACCEPT' => 'text/html,application/xhtml+xml,application/xml;q=0.9,image/webp,image/apng,*/*;q=0.8'
    'HTTP_DNT' => '1'
    'HTTP_USER_AGENT' => 'Mozilla/5.0 (X11; Linux x86_64) AppleWebKit/537.36 (KHTML, like Gecko) Chrome/70.0.3538.77 Safari/537.36'
    'HTTP_UPGRADE_INSECURE_REQUESTS' => '1'
    'HTTP_CONNECTION' => 'keep-alive'
    'HTTP_HOST' => 'workshop'
    'HTTPS' => 'on'
    'REDIRECT_STATUS' => '200'
    'SERVER_NAME' => 'workshop'
    'SERVER_PORT' => '80'
    'SERVER_ADDR' => '127.0.0.1'
    'REMOTE_PORT' => '60776'
    'REMOTE_ADDR' => '127.0.0.1'
    'SERVER_SOFTWARE' => 'nginx/1.16.1'
    'GATEWAY_INTERFACE' => 'CGI/1.1'
    'REQUEST_SCHEME' => 'http'
    'SERVER_PROTOCOL' => 'HTTP/1.1'
    'DOCUMENT_ROOT' => '/var/www/workshop/web'
    'DOCUMENT_URI' => '/index.php'
    'REQUEST_URI' => '/site/entry'
    'SCRIPT_NAME' => '/index.php'
    'CONTENT_LENGTH' => ''
    'CONTENT_TYPE' => ''
    'REQUEST_METHOD' => 'GET'
    'QUERY_STRING' => ''
    'SCRIPT_FILENAME' => '/var/www/workshop/web/index.php'
    'FCGI_ROLE' => 'RESPONDER'
    'PHP_SELF' => '/index.php'
    'REQUEST_TIME_FLOAT' => 1576250287.4809
    'REQUEST_TIME' => 1576250287
]
2019-12-13 15:18:16 [127.0.0.1][-][iv9788jag9bcjt0dnift0rrqhb][error][Error] Error: Class 'app\controllers\EntryForm' not found in /var/www/workshop/controllers/SiteController.php:136
Stack trace:
#0 [internal function]: app\controllers\SiteController->actionEntry()
#1 /var/www/workshop/vendor/yiisoft/yii2/base/InlineAction.php(57): call_user_func_array(Array, Array)
#2 /var/www/workshop/vendor/yiisoft/yii2/base/Controller.php(157): yii\base\InlineAction->runWithParams(Array)
#3 /var/www/workshop/vendor/yiisoft/yii2/base/Module.php(528): yii\base\Controller->runAction('entry', Array)
#4 /var/www/workshop/vendor/yiisoft/yii2/web/Application.php(103): yii\base\Module->runAction('site/entry', Array)
#5 /var/www/workshop/vendor/yiisoft/yii2/base/Application.php(386): yii\web\Application->handleRequest(Object(yii\web\Request))
#6 /var/www/workshop/web/index.php(12): yii\base\Application->run()
#7 {main}
2019-12-13 15:18:16 [127.0.0.1][-][iv9788jag9bcjt0dnift0rrqhb][info][application] $_GET = []

$_POST = []

$_FILES = []

$_COOKIE = [
    'PHPSESSID' => 'iv9788jag9bcjt0dnift0rrqhb'
    '_csrf' => '2787c3aee1b9cfcf7b1898b1b596247da7cd41a990756b71d767b3b33a10b10da:2:{i:0;s:5:\"_csrf\";i:1;s:32:\"9M38Jj7vaPjLCGJqqTKHqptXmhVW_lOJ\";}'
]

$_SESSION = [
    '__flash' => []
    '__captcha/site/captcha' => 'xuuegij'
    '__captcha/site/captchacount' => 1
]

$_SERVER = [
    'USER' => 'www-data'
    'HOME' => '/var/www'
    'HTTP_COOKIE' => 'PHPSESSID=iv9788jag9bcjt0dnift0rrqhb; _csrf=2787c3aee1b9cfcf7b1898b1b596247da7cd41a990756b71d767b3b33a10b10da%3A2%3A%7Bi%3A0%3Bs%3A5%3A%22_csrf%22%3Bi%3A1%3Bs%3A32%3A%229M38Jj7vaPjLCGJqqTKHqptXmhVW_lOJ%22%3B%7D'
    'HTTP_ACCEPT_LANGUAGE' => 'ru-RU,ru;q=0.9,en-US;q=0.8,en;q=0.7,la;q=0.6'
    'HTTP_ACCEPT_ENCODING' => 'gzip, deflate'
    'HTTP_ACCEPT' => 'text/html,application/xhtml+xml,application/xml;q=0.9,image/webp,image/apng,*/*;q=0.8'
    'HTTP_DNT' => '1'
    'HTTP_USER_AGENT' => 'Mozilla/5.0 (X11; Linux x86_64) AppleWebKit/537.36 (KHTML, like Gecko) Chrome/70.0.3538.77 Safari/537.36'
    'HTTP_UPGRADE_INSECURE_REQUESTS' => '1'
    'HTTP_CACHE_CONTROL' => 'max-age=0'
    'HTTP_CONNECTION' => 'keep-alive'
    'HTTP_HOST' => 'workshop'
    'HTTPS' => 'on'
    'REDIRECT_STATUS' => '200'
    'SERVER_NAME' => 'workshop'
    'SERVER_PORT' => '80'
    'SERVER_ADDR' => '127.0.0.1'
    'REMOTE_PORT' => '60776'
    'REMOTE_ADDR' => '127.0.0.1'
    'SERVER_SOFTWARE' => 'nginx/1.16.1'
    'GATEWAY_INTERFACE' => 'CGI/1.1'
    'REQUEST_SCHEME' => 'http'
    'SERVER_PROTOCOL' => 'HTTP/1.1'
    'DOCUMENT_ROOT' => '/var/www/workshop/web'
    'DOCUMENT_URI' => '/index.php'
    'REQUEST_URI' => '/site/entry'
    'SCRIPT_NAME' => '/index.php'
    'CONTENT_LENGTH' => ''
    'CONTENT_TYPE' => ''
    'REQUEST_METHOD' => 'GET'
    'QUERY_STRING' => ''
    'SCRIPT_FILENAME' => '/var/www/workshop/web/index.php'
    'FCGI_ROLE' => 'RESPONDER'
    'PHP_SELF' => '/index.php'
    'REQUEST_TIME_FLOAT' => 1576250296.7512
    'REQUEST_TIME' => 1576250296
]
2019-12-13 16:21:24 [127.0.0.1][-][iv9788jag9bcjt0dnift0rrqhb][error][yii\web\HttpException:404] yii\base\InvalidRouteException: Unable to resolve the request "images/Five-seveN_USG.jpg". in /var/www/workshop/vendor/yiisoft/yii2/base/Module.php:537
Stack trace:
#0 /var/www/workshop/vendor/yiisoft/yii2/web/Application.php(103): yii\base\Module->runAction('images/Five-sev...', Array)
#1 /var/www/workshop/vendor/yiisoft/yii2/base/Application.php(386): yii\web\Application->handleRequest(Object(yii\web\Request))
#2 /var/www/workshop/web/index.php(12): yii\base\Application->run()
#3 {main}

Next yii\web\NotFoundHttpException: Page not found. in /var/www/workshop/vendor/yiisoft/yii2/web/Application.php:115
Stack trace:
#0 /var/www/workshop/vendor/yiisoft/yii2/base/Application.php(386): yii\web\Application->handleRequest(Object(yii\web\Request))
#1 /var/www/workshop/web/index.php(12): yii\base\Application->run()
#2 {main}
2019-12-13 16:21:24 [127.0.0.1][-][iv9788jag9bcjt0dnift0rrqhb][info][application] $_GET = []

$_POST = []

$_FILES = []

$_COOKIE = [
    'PHPSESSID' => 'iv9788jag9bcjt0dnift0rrqhb'
    '_csrf' => '2787c3aee1b9cfcf7b1898b1b596247da7cd41a990756b71d767b3b33a10b10da:2:{i:0;s:5:\"_csrf\";i:1;s:32:\"9M38Jj7vaPjLCGJqqTKHqptXmhVW_lOJ\";}'
    'XDEBUG_SESSION' => 'XDEBUG_ECLIPSE'
]

$_SESSION = [
    '__flash' => []
]

$_SERVER = [
    'USER' => 'www-data'
    'HOME' => '/var/www'
    'HTTP_COOKIE' => 'PHPSESSID=iv9788jag9bcjt0dnift0rrqhb; _csrf=2787c3aee1b9cfcf7b1898b1b596247da7cd41a990756b71d767b3b33a10b10da%3A2%3A%7Bi%3A0%3Bs%3A5%3A%22_csrf%22%3Bi%3A1%3Bs%3A32%3A%229M38Jj7vaPjLCGJqqTKHqptXmhVW_lOJ%22%3B%7D; XDEBUG_SESSION=XDEBUG_ECLIPSE'
    'HTTP_ACCEPT_LANGUAGE' => 'ru-RU,ru;q=0.9,en-US;q=0.8,en;q=0.7,la;q=0.6'
    'HTTP_ACCEPT_ENCODING' => 'gzip, deflate'
    'HTTP_REFERER' => 'http://workshop/test.php'
    'HTTP_ACCEPT' => 'image/webp,image/apng,image/*,*/*;q=0.8'
    'HTTP_DNT' => '1'
    'HTTP_USER_AGENT' => 'Mozilla/5.0 (X11; Linux x86_64) AppleWebKit/537.36 (KHTML, like Gecko) Chrome/70.0.3538.77 Safari/537.36'
    'HTTP_CONNECTION' => 'keep-alive'
    'HTTP_HOST' => 'workshop'
    'HTTPS' => 'on'
    'REDIRECT_STATUS' => '200'
    'SERVER_NAME' => 'workshop'
    'SERVER_PORT' => '80'
    'SERVER_ADDR' => '127.0.0.1'
    'REMOTE_PORT' => '38348'
    'REMOTE_ADDR' => '127.0.0.1'
    'SERVER_SOFTWARE' => 'nginx/1.16.1'
    'GATEWAY_INTERFACE' => 'CGI/1.1'
    'REQUEST_SCHEME' => 'http'
    'SERVER_PROTOCOL' => 'HTTP/1.1'
    'DOCUMENT_ROOT' => '/var/www/workshop/web'
    'DOCUMENT_URI' => '/index.php'
    'REQUEST_URI' => '/images/Five-seveN_USG.jpg'
    'SCRIPT_NAME' => '/index.php'
    'CONTENT_LENGTH' => ''
    'CONTENT_TYPE' => ''
    'REQUEST_METHOD' => 'GET'
    'QUERY_STRING' => ''
    'SCRIPT_FILENAME' => '/var/www/workshop/web/index.php'
    'FCGI_ROLE' => 'RESPONDER'
    'PHP_SELF' => '/index.php'
    'REQUEST_TIME_FLOAT' => 1576254084.7969
    'REQUEST_TIME' => 1576254084
]
2019-12-13 16:21:24 [127.0.0.1][-][iv9788jag9bcjt0dnift0rrqhb][error][yii\web\HttpException:404] yii\base\InvalidRouteException: Unable to resolve the request "images/p.jpg". in /var/www/workshop/vendor/yiisoft/yii2/base/Module.php:537
Stack trace:
#0 /var/www/workshop/vendor/yiisoft/yii2/web/Application.php(103): yii\base\Module->runAction('images/p.jpg', Array)
#1 /var/www/workshop/vendor/yiisoft/yii2/base/Application.php(386): yii\web\Application->handleRequest(Object(yii\web\Request))
#2 /var/www/workshop/web/index.php(12): yii\base\Application->run()
#3 {main}

Next yii\web\NotFoundHttpException: Page not found. in /var/www/workshop/vendor/yiisoft/yii2/web/Application.php:115
Stack trace:
#0 /var/www/workshop/vendor/yiisoft/yii2/base/Application.php(386): yii\web\Application->handleRequest(Object(yii\web\Request))
#1 /var/www/workshop/web/index.php(12): yii\base\Application->run()
#2 {main}
2019-12-13 16:21:24 [127.0.0.1][-][iv9788jag9bcjt0dnift0rrqhb][info][application] $_GET = []

$_POST = []

$_FILES = []

$_COOKIE = [
    'PHPSESSID' => 'iv9788jag9bcjt0dnift0rrqhb'
    '_csrf' => '2787c3aee1b9cfcf7b1898b1b596247da7cd41a990756b71d767b3b33a10b10da:2:{i:0;s:5:\"_csrf\";i:1;s:32:\"9M38Jj7vaPjLCGJqqTKHqptXmhVW_lOJ\";}'
    'XDEBUG_SESSION' => 'XDEBUG_ECLIPSE'
]

$_SESSION = [
    '__flash' => []
]

$_SERVER = [
    'USER' => 'www-data'
    'HOME' => '/var/www'
    'HTTP_COOKIE' => 'PHPSESSID=iv9788jag9bcjt0dnift0rrqhb; _csrf=2787c3aee1b9cfcf7b1898b1b596247da7cd41a990756b71d767b3b33a10b10da%3A2%3A%7Bi%3A0%3Bs%3A5%3A%22_csrf%22%3Bi%3A1%3Bs%3A32%3A%229M38Jj7vaPjLCGJqqTKHqptXmhVW_lOJ%22%3B%7D; XDEBUG_SESSION=XDEBUG_ECLIPSE'
    'HTTP_ACCEPT_LANGUAGE' => 'ru-RU,ru;q=0.9,en-US;q=0.8,en;q=0.7,la;q=0.6'
    'HTTP_ACCEPT_ENCODING' => 'gzip, deflate'
    'HTTP_REFERER' => 'http://workshop/test.php'
    'HTTP_ACCEPT' => 'image/webp,image/apng,image/*,*/*;q=0.8'
    'HTTP_DNT' => '1'
    'HTTP_USER_AGENT' => 'Mozilla/5.0 (X11; Linux x86_64) AppleWebKit/537.36 (KHTML, like Gecko) Chrome/70.0.3538.77 Safari/537.36'
    'HTTP_CONNECTION' => 'keep-alive'
    'HTTP_HOST' => 'workshop'
    'HTTPS' => 'on'
    'REDIRECT_STATUS' => '200'
    'SERVER_NAME' => 'workshop'
    'SERVER_PORT' => '80'
    'SERVER_ADDR' => '127.0.0.1'
    'REMOTE_PORT' => '38350'
    'REMOTE_ADDR' => '127.0.0.1'
    'SERVER_SOFTWARE' => 'nginx/1.16.1'
    'GATEWAY_INTERFACE' => 'CGI/1.1'
    'REQUEST_SCHEME' => 'http'
    'SERVER_PROTOCOL' => 'HTTP/1.1'
    'DOCUMENT_ROOT' => '/var/www/workshop/web'
    'DOCUMENT_URI' => '/index.php'
    'REQUEST_URI' => '/images/p.jpg'
    'SCRIPT_NAME' => '/index.php'
    'CONTENT_LENGTH' => ''
    'CONTENT_TYPE' => ''
    'REQUEST_METHOD' => 'GET'
    'QUERY_STRING' => ''
    'SCRIPT_FILENAME' => '/var/www/workshop/web/index.php'
    'FCGI_ROLE' => 'RESPONDER'
    'PHP_SELF' => '/index.php'
    'REQUEST_TIME_FLOAT' => 1576254084.7971
    'REQUEST_TIME' => 1576254084
]
2019-12-13 16:21:25 [127.0.0.1][-][iv9788jag9bcjt0dnift0rrqhb][error][yii\web\HttpException:404] yii\base\InvalidRouteException: Unable to resolve the request "images/avtomat.jpg". in /var/www/workshop/vendor/yiisoft/yii2/base/Module.php:537
Stack trace:
#0 /var/www/workshop/vendor/yiisoft/yii2/web/Application.php(103): yii\base\Module->runAction('images/avtomat....', Array)
#1 /var/www/workshop/vendor/yiisoft/yii2/base/Application.php(386): yii\web\Application->handleRequest(Object(yii\web\Request))
#2 /var/www/workshop/web/index.php(12): yii\base\Application->run()
#3 {main}

Next yii\web\NotFoundHttpException: Page not found. in /var/www/workshop/vendor/yiisoft/yii2/web/Application.php:115
Stack trace:
#0 /var/www/workshop/vendor/yiisoft/yii2/base/Application.php(386): yii\web\Application->handleRequest(Object(yii\web\Request))
#1 /var/www/workshop/web/index.php(12): yii\base\Application->run()
#2 {main}
2019-12-13 16:21:24 [127.0.0.1][-][iv9788jag9bcjt0dnift0rrqhb][info][application] $_GET = []

$_POST = []

$_FILES = []

$_COOKIE = [
    'PHPSESSID' => 'iv9788jag9bcjt0dnift0rrqhb'
    '_csrf' => '2787c3aee1b9cfcf7b1898b1b596247da7cd41a990756b71d767b3b33a10b10da:2:{i:0;s:5:\"_csrf\";i:1;s:32:\"9M38Jj7vaPjLCGJqqTKHqptXmhVW_lOJ\";}'
    'XDEBUG_SESSION' => 'XDEBUG_ECLIPSE'
]

$_SESSION = [
    '__flash' => []
]

$_SERVER = [
    'USER' => 'www-data'
    'HOME' => '/var/www'
    'HTTP_COOKIE' => 'PHPSESSID=iv9788jag9bcjt0dnift0rrqhb; _csrf=2787c3aee1b9cfcf7b1898b1b596247da7cd41a990756b71d767b3b33a10b10da%3A2%3A%7Bi%3A0%3Bs%3A5%3A%22_csrf%22%3Bi%3A1%3Bs%3A32%3A%229M38Jj7vaPjLCGJqqTKHqptXmhVW_lOJ%22%3B%7D; XDEBUG_SESSION=XDEBUG_ECLIPSE'
    'HTTP_ACCEPT_LANGUAGE' => 'ru-RU,ru;q=0.9,en-US;q=0.8,en;q=0.7,la;q=0.6'
    'HTTP_ACCEPT_ENCODING' => 'gzip, deflate'
    'HTTP_REFERER' => 'http://workshop/test.php'
    'HTTP_ACCEPT' => 'image/webp,image/apng,image/*,*/*;q=0.8'
    'HTTP_DNT' => '1'
    'HTTP_USER_AGENT' => 'Mozilla/5.0 (X11; Linux x86_64) AppleWebKit/537.36 (KHTML, like Gecko) Chrome/70.0.3538.77 Safari/537.36'
    'HTTP_CONNECTION' => 'keep-alive'
    'HTTP_HOST' => 'workshop'
    'HTTPS' => 'on'
    'REDIRECT_STATUS' => '200'
    'SERVER_NAME' => 'workshop'
    'SERVER_PORT' => '80'
    'SERVER_ADDR' => '127.0.0.1'
    'REMOTE_PORT' => '38352'
    'REMOTE_ADDR' => '127.0.0.1'
    'SERVER_SOFTWARE' => 'nginx/1.16.1'
    'GATEWAY_INTERFACE' => 'CGI/1.1'
    'REQUEST_SCHEME' => 'http'
    'SERVER_PROTOCOL' => 'HTTP/1.1'
    'DOCUMENT_ROOT' => '/var/www/workshop/web'
    'DOCUMENT_URI' => '/index.php'
    'REQUEST_URI' => '/images/avtomat.jpg'
    'SCRIPT_NAME' => '/index.php'
    'CONTENT_LENGTH' => ''
    'CONTENT_TYPE' => ''
    'REQUEST_METHOD' => 'GET'
    'QUERY_STRING' => ''
    'SCRIPT_FILENAME' => '/var/www/workshop/web/index.php'
    'FCGI_ROLE' => 'RESPONDER'
    'PHP_SELF' => '/index.php'
    'REQUEST_TIME_FLOAT' => 1576254084.9994
    'REQUEST_TIME' => 1576254084
]
